[debug] [2023-06-20T12:03:22.130Z] ----------------------------------------------------------------------
[debug] [2023-06-20T12:03:22.133Z] Command:       C:\Program Files\nodejs\node.exe C:\Users\nobua\AppData\Roaming\npm\node_modules\firebase-tools\lib\bin\firebase.js deploy --only hosting
[debug] [2023-06-20T12:03:22.134Z] CLI Version:   12.4.0
[debug] [2023-06-20T12:03:22.134Z] Platform:      win32
[debug] [2023-06-20T12:03:22.134Z] Node Version:  v16.13.0
[debug] [2023-06-20T12:03:22.136Z] Time:          Tue Jun 20 2023 21:03:22 GMT+0900 (日本標準時)
[debug] [2023-06-20T12:03:22.136Z] ----------------------------------------------------------------------
[debug] 
[debug] [2023-06-20T12:03:22.265Z] > command requires scopes: ["email","openid","https://www.googleapis.com/auth/cloudplatformprojects.readonly","https://www.googleapis.com/auth/firebase","https://www.googleapis.com/auth/cloud-platform"]
[debug] [2023-06-20T12:03:22.266Z] > authorizing via signed-in user (nobuaki.kuwabara3@gmail.com)
[debug] [2023-06-20T12:03:22.266Z] [iam] checking project vuesc-ce12f for permissions ["firebase.projects.get","firebasehosting.sites.update"]
[debug] [2023-06-20T12:03:22.268Z] > refreshing access token with scopes: []
[debug] [2023-06-20T12:03:22.270Z] >>> [apiv2][query] POST https://www.googleapis.com/oauth2/v3/token [none]
[debug] [2023-06-20T12:03:22.271Z] >>> [apiv2][body] POST https://www.googleapis.com/oauth2/v3/token [omitted]
[debug] [2023-06-20T12:03:43.402Z] [iam] error while checking permissions, command may fail: FirebaseError: Authentication Error: Your credentials are no longer valid. Please run firebase login --reauth

For CI servers and headless environments, generate a new token with firebase login:ci
[debug] [2023-06-20T12:03:43.403Z] > refreshing access token with scopes: []
[debug] [2023-06-20T12:03:43.404Z] >>> [apiv2][query] POST https://www.googleapis.com/oauth2/v3/token [none]
[debug] [2023-06-20T12:03:43.404Z] >>> [apiv2][body] POST https://www.googleapis.com/oauth2/v3/token [omitted]
[debug] [2023-06-20T12:04:04.444Z] Authentication Error: Your credentials are no longer valid. Please run firebase login --reauth

For CI servers and headless environments, generate a new token with firebase login:ci
[debug] [2023-06-20T12:04:04.449Z] FirebaseError: Authentication Error: Your credentials are no longer valid. Please run firebase login --reauth

For CI servers and headless environments, generate a new token with firebase login:ci
    at invalidCredentialError (C:\Users\nobua\AppData\Roaming\npm\node_modules\firebase-tools\lib\auth.js:144:12)
    at refreshTokens (C:\Users\nobua\AppData\Roaming\npm\node_modules\firebase-tools\lib\auth.js:508:15)
    at processTicksAndRejections (node:internal/process/task_queues:96:5)
    at async Client.getAccessToken (C:\Users\nobua\AppData\Roaming\npm\node_modules\firebase-tools\lib\apiv2.js:149:23)
    at async Client.addAuthHeader (C:\Users\nobua\AppData\Roaming\npm\node_modules\firebase-tools\lib\apiv2.js:140:21)
    at async Client.request (C:\Users\nobua\AppData\Roaming\npm\node_modules\firebase-tools\lib\apiv2.js:96:34)
    at async getFirebaseProject (C:\Users\nobua\AppData\Roaming\npm\node_modules\firebase-tools\lib\management\projects.js:295:21)
    at async getDefaultHostingSite (C:\Users\nobua\AppData\Roaming\npm\node_modules\firebase-tools\lib\getDefaultHostingSite.js:10:21)
    at async requireHostingSite (C:\Users\nobua\AppData\Roaming\npm\node_modules\firebase-tools\lib\requireHostingSite.js:9:18)
    at async Object.fn (C:\Users\nobua\AppData\Roaming\npm\node_modules\firebase-tools\lib\commands\deploy.js:74:9)
[error] 
[error] Error: Failed to get Firebase project vuesc-ce12f. Please make sure the project exists and your account has permission to access it.
